This file contains any messages produced by compilers while
running configure, to aid debugging if configure makes a mistake.

It was created by asaus configure 0.1, which was
generated by GNU Autoconf 2.68.  Invocation command line was

  $ ./configure --prefix=/usr/

## --------- ##
## Platform. ##
## --------- ##

hostname = archal
uname -m = x86_64
uname -r = 3.0-ARCH
uname -s = Linux
uname -v = #1 SMP PREEMPT Tue Aug 30 08:53:25 CEST 2011

/usr/bin/uname -p = unknown
/bin/uname -X     = unknown

/bin/arch              = x86_64
/usr/bin/arch -k       = unknown
/usr/convex/getsysinfo = unknown
/usr/bin/hostinfo      = unknown
/bin/machine           = unknown
/usr/bin/oslevel       = unknown
/bin/universe          = unknown

PATH: /usr/local/bin
PATH: /usr/bin
PATH: /bin
PATH: /usr/local/sbin
PATH: /usr/sbin
PATH: /sbin
PATH: /usr/bin/vendor_perl
PATH: /usr/bin/core_perl


## ----------- ##
## Core tests. ##
## ----------- ##

configure:2435: checking for a BSD-compatible install
configure:2503: result: /bin/install -c
configure:2514: checking whether build environment is sane
configure:2564: result: yes
configure:2705: checking for a thread-safe mkdir -p
configure:2744: result: /bin/mkdir -p
configure:2757: checking for gawk
configure:2773: found /usr/bin/gawk
configure:2784: result: gawk
configure:2795: checking whether make sets $(MAKE)
configure:2817: result: yes
configure:2900: checking whether to enable maintainer-specific portions of Makefiles
configure:2909: result: no
configure:2981: checking for g++
configure:2997: found /usr/bin/g++
configure:3008: result: g++
configure:3035: checking for C++ compiler version
configure:3044: g++ --version >&5
g++ (GCC) 4.6.1 20110819 (prerelease)
Copyright (C) 2011 Free Software Foundation, Inc.
This is free software; see the source for copying conditions.  There is NO
warranty; not even for MERCHANTABILITY or FITNESS FOR A PARTICULAR PURPOSE.

configure:3055: $? = 0
configure:3044: g++ -v >&5
Using built-in specs.
COLLECT_GCC=g++
COLLECT_LTO_WRAPPER=/usr/lib/gcc/x86_64-unknown-linux-gnu/4.6.1/lto-wrapper
Target: x86_64-unknown-linux-gnu
Configured with: /build/src/gcc-4.6-20110819/configure --prefix=/usr --libdir=/usr/lib --libexecdir=/usr/lib --mandir=/usr/share/man --infodir=/usr/share/info --with-bugurl=https://bugs.archlinux.org/ --enable-languages=c,c++,ada,fortran,go,lto,objc,obj-c++ --enable-shared --enable-threads=posix --with-system-zlib --enable-__cxa_atexit --disable-libunwind-exceptions --enable-clocale=gnu --enable-gnu-unique-object --enable-linker-build-id --with-ppl --enable-cloog-backend=isl --enable-lto --enable-gold --enable-ld=default --enable-plugin --with-plugin-ld=ld.gold --disable-multilib --disable-libssp --disable-libstdcxx-pch --enable-checking=release
Thread model: posix
gcc version 4.6.1 20110819 (prerelease) (GCC) 
configure:3055: $? = 0
configure:3044: g++ -V >&5
g++: error: unrecognized option '-V'
g++: fatal error: no input files
compilation terminated.
configure:3055: $? = 1
configure:3044: g++ -qversion >&5
g++: error: unrecognized option '-qversion'
g++: fatal error: no input files
compilation terminated.
configure:3055: $? = 1
configure:3075: checking whether the C++ compiler works
configure:3097: g++    conftest.cpp  >&5
configure:3101: $? = 0
configure:3149: result: yes
configure:3152: checking for C++ compiler default output file name
configure:3154: result: a.out
configure:3160: checking for suffix of executables
configure:3167: g++ -o conftest    conftest.cpp  >&5
configure:3171: $? = 0
configure:3193: result: 
configure:3215: checking whether we are cross compiling
configure:3223: g++ -o conftest    conftest.cpp  >&5
configure:3227: $? = 0
configure:3234: ./conftest
configure:3238: $? = 0
configure:3253: result: no
configure:3258: checking for suffix of object files
configure:3280: g++ -c   conftest.cpp >&5
configure:3284: $? = 0
configure:3305: result: o
configure:3309: checking whether we are using the GNU C++ compiler
configure:3328: g++ -c   conftest.cpp >&5
configure:3328: $? = 0
configure:3337: result: yes
configure:3346: checking whether g++ accepts -g
configure:3366: g++ -c -g  conftest.cpp >&5
configure:3366: $? = 0
configure:3407: result: yes
configure:3441: checking for style of include used by make
configure:3469: result: GNU
configure:3494: checking dependency style of g++
configure:3604: result: gcc3
configure:3678: checking for gcc
configure:3694: found /usr/bin/gcc
configure:3705: result: gcc
configure:3934: checking for C compiler version
configure:3943: gcc --version >&5
gcc (GCC) 4.6.1 20110819 (prerelease)
Copyright (C) 2011 Free Software Foundation, Inc.
This is free software; see the source for copying conditions.  There is NO
warranty; not even for MERCHANTABILITY or FITNESS FOR A PARTICULAR PURPOSE.

configure:3954: $? = 0
configure:3943: gcc -v >&5
Using built-in specs.
COLLECT_GCC=gcc
COLLECT_LTO_WRAPPER=/usr/lib/gcc/x86_64-unknown-linux-gnu/4.6.1/lto-wrapper
Target: x86_64-unknown-linux-gnu
Configured with: /build/src/gcc-4.6-20110819/configure --prefix=/usr --libdir=/usr/lib --libexecdir=/usr/lib --mandir=/usr/share/man --infodir=/usr/share/info --with-bugurl=https://bugs.archlinux.org/ --enable-languages=c,c++,ada,fortran,go,lto,objc,obj-c++ --enable-shared --enable-threads=posix --with-system-zlib --enable-__cxa_atexit --disable-libunwind-exceptions --enable-clocale=gnu --enable-gnu-unique-object --enable-linker-build-id --with-ppl --enable-cloog-backend=isl --enable-lto --enable-gold --enable-ld=default --enable-plugin --with-plugin-ld=ld.gold --disable-multilib --disable-libssp --disable-libstdcxx-pch --enable-checking=release
Thread model: posix
gcc version 4.6.1 20110819 (prerelease) (GCC) 
configure:3954: $? = 0
configure:3943: gcc -V >&5
gcc: error: unrecognized option '-V'
gcc: fatal error: no input files
compilation terminated.
configure:3954: $? = 1
configure:3943: gcc -qversion >&5
gcc: error: unrecognized option '-qversion'
gcc: fatal error: no input files
compilation terminated.
configure:3954: $? = 1
configure:3958: checking whether we are using the GNU C compiler
configure:3977: gcc -c   conftest.c >&5
configure:3977: $? = 0
configure:3986: result: yes
configure:3995: checking whether gcc accepts -g
configure:4015: gcc -c -g  conftest.c >&5
configure:4015: $? = 0
configure:4056: result: yes
configure:4073: checking for gcc option to accept ISO C89
configure:4137: gcc  -c -g -O2  conftest.c >&5
configure:4137: $? = 0
configure:4150: result: none needed
configure:4172: checking dependency style of gcc
configure:4282: result: gcc3
configure:4303: checking how to run the C preprocessor
configure:4334: gcc -E  conftest.c
configure:4334: $? = 0
configure:4348: gcc -E  conftest.c
conftest.c:12:28: fatal error: ac_nonexistent.h: No such file or directory
compilation terminated.
configure:4348: $? = 1
configure: failed program was:
| /* confdefs.h */
| #define PACKAGE_NAME "asaus"
| #define PACKAGE_TARNAME "asaus"
| #define PACKAGE_VERSION "0.1"
| #define PACKAGE_STRING "asaus 0.1"
| #define PACKAGE_BUGREPORT ""
| #define PACKAGE_URL ""
| #define PACKAGE "asaus"
| #define VERSION "0.1"
| #define GETTEXT_PACKAGE "asaus"
| /* end confdefs.h.  */
| #include <ac_nonexistent.h>
configure:4373: result: gcc -E
configure:4393: gcc -E  conftest.c
configure:4393: $? = 0
configure:4407: gcc -E  conftest.c
conftest.c:12:28: fatal error: ac_nonexistent.h: No such file or directory
compilation terminated.
configure:4407: $? = 1
configure: failed program was:
| /* confdefs.h */
| #define PACKAGE_NAME "asaus"
| #define PACKAGE_TARNAME "asaus"
| #define PACKAGE_VERSION "0.1"
| #define PACKAGE_STRING "asaus 0.1"
| #define PACKAGE_BUGREPORT ""
| #define PACKAGE_URL ""
| #define PACKAGE "asaus"
| #define VERSION "0.1"
| #define GETTEXT_PACKAGE "asaus"
| /* end confdefs.h.  */
| #include <ac_nonexistent.h>
configure:4436: checking for grep that handles long lines and -e
configure:4494: result: /bin/grep
configure:4499: checking for egrep
configure:4561: result: /bin/grep -E
configure:4566: checking for ANSI C header files
configure:4586: gcc -c -g -O2  conftest.c >&5
configure:4586: $? = 0
configure:4659: gcc -o conftest -g -O2   conftest.c  >&5
configure:4659: $? = 0
configure:4659: ./conftest
configure:4659: $? = 0
configure:4670: result: yes
configure:4683: checking for sys/types.h
configure:4683: gcc -c -g -O2  conftest.c >&5
configure:4683: $? = 0
configure:4683: result: yes
configure:4683: checking for sys/stat.h
configure:4683: gcc -c -g -O2  conftest.c >&5
configure:4683: $? = 0
configure:4683: result: yes
configure:4683: checking for stdlib.h
configure:4683: gcc -c -g -O2  conftest.c >&5
configure:4683: $? = 0
configure:4683: result: yes
configure:4683: checking for string.h
configure:4683: gcc -c -g -O2  conftest.c >&5
configure:4683: $? = 0
configure:4683: result: yes
configure:4683: checking for memory.h
configure:4683: gcc -c -g -O2  conftest.c >&5
configure:4683: $? = 0
configure:4683: result: yes
configure:4683: checking for strings.h
configure:4683: gcc -c -g -O2  conftest.c >&5
configure:4683: $? = 0
configure:4683: result: yes
configure:4683: checking for inttypes.h
configure:4683: gcc -c -g -O2  conftest.c >&5
configure:4683: $? = 0
configure:4683: result: yes
configure:4683: checking for stdint.h
configure:4683: gcc -c -g -O2  conftest.c >&5
configure:4683: $? = 0
configure:4683: result: yes
configure:4683: checking for unistd.h
configure:4683: gcc -c -g -O2  conftest.c >&5
configure:4683: $? = 0
configure:4683: result: yes
configure:4698: checking locale.h usability
configure:4698: gcc -c -g -O2  conftest.c >&5
configure:4698: $? = 0
configure:4698: result: yes
configure:4698: checking locale.h presence
configure:4698: gcc -E  conftest.c
configure:4698: $? = 0
configure:4698: result: yes
configure:4698: checking for locale.h
configure:4698: result: yes
configure:4709: checking for LC_MESSAGES
configure:4725: gcc -o conftest -g -O2   conftest.c  >&5
configure:4725: $? = 0
configure:4733: result: yes
configure:4750: checking libintl.h usability
configure:4750: gcc -c -g -O2  conftest.c >&5
configure:4750: $? = 0
configure:4750: result: yes
configure:4750: checking libintl.h presence
configure:4750: gcc -E  conftest.c
configure:4750: $? = 0
configure:4750: result: yes
configure:4750: checking for libintl.h
configure:4750: result: yes
configure:4758: checking for ngettext in libc
configure:4776: gcc -o conftest -g -O2   conftest.c  >&5
configure:4776: $? = 0
configure:4785: result: yes
configure:4789: checking for dgettext in libc
configure:4807: gcc -o conftest -g -O2   conftest.c  >&5
configure:4807: $? = 0
configure:4816: result: yes
configure:4823: checking for bind_textdomain_codeset
configure:4823: gcc -o conftest -g -O2   conftest.c  >&5
configure:4823: $? = 0
configure:4823: result: yes
configure:5099: checking for msgfmt
configure:5126: result: /usr/bin/msgfmt
configure:5137: checking for dcgettext
configure:5137: gcc -o conftest -g -O2   conftest.c   >&5
conftest.c:49:6: warning: conflicting types for built-in function 'dcgettext' [enabled by default]
configure:5137: $? = 0
configure:5137: result: yes
configure:5147: checking if msgfmt accepts -c
configure:5162: $MSGFMT -c -o /dev/null conftest.foo
configure:5165: $? = 0
configure:5167: result: yes
configure:5177: checking for gmsgfmt
configure:5208: result: /usr/bin/msgfmt
configure:5218: checking for xgettext
configure:5245: result: /usr/bin/xgettext
configure:5264: gcc -o conftest -g -O2   conftest.c   >&5
configure:5264: $? = 0
configure:5400: checking whether NLS is requested
configure:5409: result: yes
configure:5424: checking for intltool >= 0.35.0
configure:5431: result: 0.41.1 found
configure:5439: checking for intltool-update
configure:5457: found /usr/bin/intltool-update
configure:5469: result: /usr/bin/intltool-update
configure:5479: checking for intltool-merge
configure:5497: found /usr/bin/intltool-merge
configure:5509: result: /usr/bin/intltool-merge
configure:5519: checking for intltool-extract
configure:5537: found /usr/bin/intltool-extract
configure:5549: result: /usr/bin/intltool-extract
configure:5680: checking for xgettext
configure:5710: result: /usr/bin/xgettext
configure:5720: checking for msgmerge
configure:5738: found /usr/bin/msgmerge
configure:5750: result: /usr/bin/msgmerge
configure:5760: checking for msgfmt
configure:5790: result: /usr/bin/msgfmt
configure:5800: checking for gmsgfmt
configure:5831: result: /usr/bin/msgfmt
configure:5851: checking for perl
configure:5869: found /usr/bin/perl
configure:5881: result: /usr/bin/perl
configure:5892: checking for perl >= 5.8.1
configure:5899: result: 5.14.2
configure:5903: checking for XML::Parser
configure:5906: result: ok
configure:5989: checking build system type
configure:6003: result: x86_64-unknown-linux-gnu
configure:6023: checking host system type
configure:6036: result: x86_64-unknown-linux-gnu
configure:6077: checking how to print strings
configure:6104: result: printf
configure:6125: checking for a sed that does not truncate output
configure:6189: result: /bin/sed
configure:6207: checking for fgrep
configure:6269: result: /bin/grep -F
configure:6304: checking for ld used by gcc
configure:6371: result: /usr/bin/ld
configure:6378: checking if the linker (/usr/bin/ld) is GNU ld
configure:6393: result: yes
configure:6405: checking for BSD- or MS-compatible name lister (nm)
configure:6454: result: /usr/bin/nm -B
configure:6584: checking the name lister (/usr/bin/nm -B) interface
configure:6591: gcc -c -g -O2  conftest.c >&5
configure:6594: /usr/bin/nm -B "conftest.o"
configure:6597: output
0000000000000000 B some_variable
configure:6604: result: BSD nm
configure:6607: checking whether ln -s works
configure:6611: result: yes
configure:6619: checking the maximum length of command line arguments
configure:6744: result: 1572864
configure:6761: checking whether the shell understands some XSI constructs
configure:6771: result: yes
configure:6775: checking whether the shell understands "+="
configure:6781: result: yes
configure:6816: checking how to convert x86_64-unknown-linux-gnu file names to x86_64-unknown-linux-gnu format
configure:6856: result: func_convert_file_noop
configure:6863: checking how to convert x86_64-unknown-linux-gnu file names to toolchain format
configure:6883: result: func_convert_file_noop
configure:6890: checking for /usr/bin/ld option to reload object files
configure:6897: result: -r
configure:6971: checking for objdump
configure:6987: found /usr/bin/objdump
configure:6998: result: objdump
configure:7030: checking how to recognize dependent libraries
configure:7232: result: pass_all
configure:7317: checking for dlltool
configure:7347: result: no
configure:7377: checking how to associate runtime and link libraries
configure:7404: result: printf %s\n
configure:7464: checking for ar
configure:7480: found /usr/bin/ar
configure:7491: result: ar
configure:7528: checking for archiver @FILE support
configure:7545: gcc -c -g -O2  conftest.c >&5
configure:7545: $? = 0
configure:7548: ar cru libconftest.a @conftest.lst >&5
configure:7551: $? = 0
configure:7556: ar cru libconftest.a @conftest.lst >&5
ar: conftest.o: No such file or directory
configure:7559: $? = 1
configure:7571: result: @
configure:7629: checking for strip
configure:7645: found /usr/bin/strip
configure:7656: result: strip
configure:7728: checking for ranlib
configure:7744: found /usr/bin/ranlib
configure:7755: result: ranlib
configure:7857: checking command to parse /usr/bin/nm -B output from gcc object
configure:7976: gcc -c -g -O2  conftest.c >&5
configure:7979: $? = 0
configure:7983: /usr/bin/nm -B conftest.o \| sed -n -e 's/^.*[ ]\([ABCDGIRSTW][ABCDGIRSTW]*\)[ ][ ]*\([_A-Za-z][_A-Za-z0-9]*\)$/\1 \2 \2/p' | sed '/ __gnu_lto/d' \> conftest.nm
configure:7986: $? = 0
configure:8052: gcc -o conftest -g -O2   conftest.c conftstm.o >&5
configure:8055: $? = 0
configure:8093: result: ok
configure:8130: checking for sysroot
configure:8160: result: no
configure:8237: gcc -c -g -O2  conftest.c >&5
configure:8240: $? = 0
configure:8403: checking for mt
configure:8433: result: no
configure:8453: checking if : is a manifest tool
configure:8459: : '-?'
configure:8467: result: no
configure:9096: checking for dlfcn.h
configure:9096: gcc -c -g -O2  conftest.c >&5
configure:9096: $? = 0
configure:9096: result: yes
configure:9294: checking for objdir
configure:9309: result: .libs
configure:9576: checking if gcc supports -fno-rtti -fno-exceptions
configure:9594: gcc -c -g -O2  -fno-rtti -fno-exceptions conftest.c >&5
cc1: warning: command line option '-fno-rtti' is valid for C++/ObjC++ but not for C [enabled by default]
configure:9598: $? = 0
configure:9611: result: no
configure:9921: checking for gcc option to produce PIC
configure:9928: result: -fPIC -DPIC
configure:9936: checking if gcc PIC flag -fPIC -DPIC works
configure:9954: gcc -c -g -O2  -fPIC -DPIC -DPIC conftest.c >&5
configure:9958: $? = 0
configure:9971: result: yes
configure:10000: checking if gcc static flag -static works
configure:10028: result: yes
configure:10043: checking if gcc supports -c -o file.o
configure:10064: gcc -c -g -O2  -o out/conftest2.o conftest.c >&5
configure:10068: $? = 0
configure:10090: result: yes
configure:10098: checking if gcc supports -c -o file.o
configure:10145: result: yes
configure:10178: checking whether the gcc linker (/usr/bin/ld -m elf_x86_64) supports shared libraries
configure:11336: result: yes
configure:11373: checking whether -lc should be explicitly linked in
configure:11381: gcc -c -g -O2  conftest.c >&5
configure:11384: $? = 0
configure:11399: gcc -shared  -fPIC -DPIC conftest.o  -v -Wl,-soname -Wl,conftest -o conftest 2\>\&1 \| /bin/grep  -lc  \>/dev/null 2\>\&1
configure:11402: $? = 0
configure:11416: result: no
configure:11581: checking dynamic linker characteristics
configure:12095: gcc -o conftest -g -O2   -Wl,-rpath -Wl,/foo conftest.c  >&5
configure:12095: $? = 0
configure:12317: result: GNU/Linux ld.so
configure:12424: checking how to hardcode library paths into programs
configure:12449: result: immediate
configure:12989: checking whether stripping libraries is possible
configure:12994: result: yes
configure:13029: checking if libtool supports shared libraries
configure:13031: result: yes
configure:13034: checking whether to build shared libraries
configure:13055: result: yes
configure:13058: checking whether to build static libraries
configure:13062: result: yes
configure:13085: checking how to run the C++ preprocessor
configure:13112: g++ -E  conftest.cpp
configure:13112: $? = 0
configure:13126: g++ -E  conftest.cpp
conftest.cpp:30:28: fatal error: ac_nonexistent.h: No such file or directory
compilation terminated.
configure:13126: $? = 1
configure: failed program was:
| /* confdefs.h */
| #define PACKAGE_NAME "asaus"
| #define PACKAGE_TARNAME "asaus"
| #define PACKAGE_VERSION "0.1"
| #define PACKAGE_STRING "asaus 0.1"
| #define PACKAGE_BUGREPORT ""
| #define PACKAGE_URL ""
| #define PACKAGE "asaus"
| #define VERSION "0.1"
| #define GETTEXT_PACKAGE "asaus"
| #define STDC_HEADERS 1
| #define HAVE_SYS_TYPES_H 1
| #define HAVE_SYS_STAT_H 1
| #define HAVE_STDLIB_H 1
| #define HAVE_STRING_H 1
| #define HAVE_MEMORY_H 1
| #define HAVE_STRINGS_H 1
| #define HAVE_INTTYPES_H 1
| #define HAVE_STDINT_H 1
| #define HAVE_UNISTD_H 1
| #define HAVE_LOCALE_H 1
| #define HAVE_LC_MESSAGES 1
| #define HAVE_BIND_TEXTDOMAIN_CODESET 1
| #define HAVE_GETTEXT 1
| #define HAVE_DCGETTEXT 1
| #define ENABLE_NLS 1
| #define HAVE_DLFCN_H 1
| #define LT_OBJDIR ".libs/"
| /* end confdefs.h.  */
| #include <ac_nonexistent.h>
configure:13151: result: g++ -E
configure:13171: g++ -E  conftest.cpp
configure:13171: $? = 0
configure:13185: g++ -E  conftest.cpp
conftest.cpp:30:28: fatal error: ac_nonexistent.h: No such file or directory
compilation terminated.
configure:13185: $? = 1
configure: failed program was:
| /* confdefs.h */
| #define PACKAGE_NAME "asaus"
| #define PACKAGE_TARNAME "asaus"
| #define PACKAGE_VERSION "0.1"
| #define PACKAGE_STRING "asaus 0.1"
| #define PACKAGE_BUGREPORT ""
| #define PACKAGE_URL ""
| #define PACKAGE "asaus"
| #define VERSION "0.1"
| #define GETTEXT_PACKAGE "asaus"
| #define STDC_HEADERS 1
| #define HAVE_SYS_TYPES_H 1
| #define HAVE_SYS_STAT_H 1
| #define HAVE_STDLIB_H 1
| #define HAVE_STRING_H 1
| #define HAVE_MEMORY_H 1
| #define HAVE_STRINGS_H 1
| #define HAVE_INTTYPES_H 1
| #define HAVE_STDINT_H 1
| #define HAVE_UNISTD_H 1
| #define HAVE_LOCALE_H 1
| #define HAVE_LC_MESSAGES 1
| #define HAVE_BIND_TEXTDOMAIN_CODESET 1
| #define HAVE_GETTEXT 1
| #define HAVE_DCGETTEXT 1
| #define ENABLE_NLS 1
| #define HAVE_DLFCN_H 1
| #define LT_OBJDIR ".libs/"
| /* end confdefs.h.  */
| #include <ac_nonexistent.h>
configure:13355: checking for ld used by g++
configure:13422: result: /usr/bin/ld -m elf_x86_64
configure:13429: checking if the linker (/usr/bin/ld -m elf_x86_64) is GNU ld
configure:13444: result: yes
configure:13499: checking whether the g++ linker (/usr/bin/ld -m elf_x86_64) supports shared libraries
configure:14503: result: yes
configure:14538: g++ -c -g -O2  conftest.cpp >&5
configure:14541: $? = 0
configure:15061: checking for g++ option to produce PIC
configure:15068: result: -fPIC -DPIC
configure:15076: checking if g++ PIC flag -fPIC -DPIC works
configure:15094: g++ -c -g -O2  -fPIC -DPIC -DPIC conftest.cpp >&5
configure:15098: $? = 0
configure:15111: result: yes
configure:15134: checking if g++ static flag -static works
configure:15162: result: yes
configure:15174: checking if g++ supports -c -o file.o
configure:15195: g++ -c -g -O2  -o out/conftest2.o conftest.cpp >&5
configure:15199: $? = 0
configure:15221: result: yes
configure:15226: checking if g++ supports -c -o file.o
configure:15273: result: yes
configure:15303: checking whether the g++ linker (/usr/bin/ld -m elf_x86_64) supports shared libraries
configure:15337: result: yes
configure:15480: checking dynamic linker characteristics
configure:16150: result: GNU/Linux ld.so
configure:16203: checking how to hardcode library paths into programs
configure:16228: result: immediate
configure:16344: checking for pkg-config
configure:16362: found /usr/bin/pkg-config
configure:16374: result: /usr/bin/pkg-config
configure:16399: checking pkg-config is at least version 0.9.0
configure:16402: result: yes
configure:16412: checking for ASAUS
configure:16419: $PKG_CONFIG --exists --print-errors "gtkmm-3.0"
configure:16422: $? = 0
configure:16436: $PKG_CONFIG --exists --print-errors "gtkmm-3.0"
configure:16439: $? = 0
configure:16497: result: yes
configure:16649: creating ./config.status

## ---------------------- ##
## Running config.status. ##
## ---------------------- ##

This file was extended by asaus config.status 0.1, which was
generated by GNU Autoconf 2.68.  Invocation command line was

  CONFIG_FILES    = 
  CONFIG_HEADERS  = 
  CONFIG_LINKS    = 
  CONFIG_COMMANDS = 
  $ ./config.status 

on archal

config.status:1238: creating Makefile
config.status:1238: creating src/Makefile
config.status:1238: creating po/Makefile.in
config.status:1238: creating config.h
config.status:1467: executing depfiles commands
config.status:1467: executing default-1 commands
config.status:1467: executing libtool commands
config.status:1467: executing po/stamp-it commands

## ---------------- ##
## Cache variables. ##
## ---------------- ##

ac_cv_build=x86_64-unknown-linux-gnu
ac_cv_c_compiler_gnu=yes
ac_cv_cxx_compiler_gnu=yes
ac_cv_env_ASAUS_CFLAGS_set=
ac_cv_env_ASAUS_CFLAGS_value=
ac_cv_env_ASAUS_LIBS_set=
ac_cv_env_ASAUS_LIBS_value=
ac_cv_env_CCC_set=
ac_cv_env_CCC_value=
ac_cv_env_CC_set=
ac_cv_env_CC_value=
ac_cv_env_CFLAGS_set=
ac_cv_env_CFLAGS_value=
ac_cv_env_CPPFLAGS_set=
ac_cv_env_CPPFLAGS_value=
ac_cv_env_CPP_set=
ac_cv_env_CPP_value=
ac_cv_env_CXXCPP_set=
ac_cv_env_CXXCPP_value=
ac_cv_env_CXXFLAGS_set=
ac_cv_env_CXXFLAGS_value=
ac_cv_env_CXX_set=
ac_cv_env_CXX_value=
ac_cv_env_LDFLAGS_set=
ac_cv_env_LDFLAGS_value=
ac_cv_env_LIBS_set=
ac_cv_env_LIBS_value=
ac_cv_env_PKG_CONFIG_LIBDIR_set=
ac_cv_env_PKG_CONFIG_LIBDIR_value=
ac_cv_env_PKG_CONFIG_PATH_set=
ac_cv_env_PKG_CONFIG_PATH_value=
ac_cv_env_PKG_CONFIG_set=
ac_cv_env_PKG_CONFIG_value=
ac_cv_env_build_alias_set=
ac_cv_env_build_alias_value=
ac_cv_env_host_alias_set=
ac_cv_env_host_alias_value=
ac_cv_env_target_alias_set=
ac_cv_env_target_alias_value=
ac_cv_func_bind_textdomain_codeset=yes
ac_cv_func_dcgettext=yes
ac_cv_header_dlfcn_h=yes
ac_cv_header_inttypes_h=yes
ac_cv_header_libintl_h=yes
ac_cv_header_locale_h=yes
ac_cv_header_memory_h=yes
ac_cv_header_stdc=yes
ac_cv_header_stdint_h=yes
ac_cv_header_stdlib_h=yes
ac_cv_header_string_h=yes
ac_cv_header_strings_h=yes
ac_cv_header_sys_stat_h=yes
ac_cv_header_sys_types_h=yes
ac_cv_header_unistd_h=yes
ac_cv_host=x86_64-unknown-linux-gnu
ac_cv_objext=o
ac_cv_path_EGREP='/bin/grep -E'
ac_cv_path_FGREP='/bin/grep -F'
ac_cv_path_GMSGFMT=/usr/bin/msgfmt
ac_cv_path_GREP=/bin/grep
ac_cv_path_INTLTOOL_EXTRACT=/usr/bin/intltool-extract
ac_cv_path_INTLTOOL_MERGE=/usr/bin/intltool-merge
ac_cv_path_INTLTOOL_PERL=/usr/bin/perl
ac_cv_path_INTLTOOL_UPDATE=/usr/bin/intltool-update
ac_cv_path_MSGFMT=/usr/bin/msgfmt
ac_cv_path_MSGMERGE=/usr/bin/msgmerge
ac_cv_path_SED=/bin/sed
ac_cv_path_XGETTEXT=/usr/bin/xgettext
ac_cv_path_ac_pt_PKG_CONFIG=/usr/bin/pkg-config
ac_cv_path_install='/bin/install -c'
ac_cv_path_mkdir=/bin/mkdir
ac_cv_prog_AWK=gawk
ac_cv_prog_CPP='gcc -E'
ac_cv_prog_CXXCPP='g++ -E'
ac_cv_prog_ac_ct_AR=ar
ac_cv_prog_ac_ct_CC=gcc
ac_cv_prog_ac_ct_CXX=g++
ac_cv_prog_ac_ct_OBJDUMP=objdump
ac_cv_prog_ac_ct_RANLIB=ranlib
ac_cv_prog_ac_ct_STRIP=strip
ac_cv_prog_cc_c89=
ac_cv_prog_cc_g=yes
ac_cv_prog_cxx_g=yes
ac_cv_prog_make_make_set=yes
am_cv_CC_dependencies_compiler_type=gcc3
am_cv_CXX_dependencies_compiler_type=gcc3
am_cv_val_LC_MESSAGES=yes
gt_cv_func_dgettext_libc=yes
gt_cv_func_dgettext_libintl=no
gt_cv_func_ngettext_libc=yes
gt_cv_have_gettext=yes
lt_cv_ar_at_file=@
lt_cv_archive_cmds_need_lc=no
lt_cv_deplibs_check_method=pass_all
lt_cv_file_magic_cmd='$MAGIC_CMD'
lt_cv_file_magic_test_file=
lt_cv_ld_reload_flag=-r
lt_cv_nm_interface='BSD nm'
lt_cv_objdir=.libs
lt_cv_path_LD=/usr/bin/ld
lt_cv_path_LDCXX='/usr/bin/ld -m elf_x86_64'
lt_cv_path_NM='/usr/bin/nm -B'
lt_cv_path_mainfest_tool=no
lt_cv_prog_compiler_c_o=yes
lt_cv_prog_compiler_c_o_CXX=yes
lt_cv_prog_compiler_pic='-fPIC -DPIC'
lt_cv_prog_compiler_pic_CXX='-fPIC -DPIC'
lt_cv_prog_compiler_pic_works=yes
lt_cv_prog_compiler_pic_works_CXX=yes
lt_cv_prog_compiler_rtti_exceptions=no
lt_cv_prog_compiler_static_works=yes
lt_cv_prog_compiler_static_works_CXX=yes
lt_cv_prog_gnu_ld=yes
lt_cv_prog_gnu_ldcxx=yes
lt_cv_sharedlib_from_linklib_cmd='printf %s\n'
lt_cv_shlibpath_overrides_runpath=no
lt_cv_sys_global_symbol_pipe='sed -n -e '\''s/^.*[	 ]\([ABCDGIRSTW][ABCDGIRSTW]*\)[	 ][	 ]*\([_A-Za-z][_A-Za-z0-9]*\)$/\1 \2 \2/p'\'' | sed '\''/ __gnu_lto/d'\'''
lt_cv_sys_global_symbol_to_c_name_address='sed -n -e '\''s/^: \([^ ]*\)[ ]*$/  {\"\1\", (void *) 0},/p'\'' -e '\''s/^[ABCDGIRSTW]* \([^ ]*\) \([^ ]*\)$/  {"\2", (void *) \&\2},/p'\'''
lt_cv_sys_global_symbol_to_c_name_address_lib_prefix='sed -n -e '\''s/^: \([^ ]*\)[ ]*$/  {\"\1\", (void *) 0},/p'\'' -e '\''s/^[ABCDGIRSTW]* \([^ ]*\) \(lib[^ ]*\)$/  {"\2", (void *) \&\2},/p'\'' -e '\''s/^[ABCDGIRSTW]* \([^ ]*\) \([^ ]*\)$/  {"lib\2", (void *) \&\2},/p'\'''
lt_cv_sys_global_symbol_to_cdecl='sed -n -e '\''s/^T .* \(.*\)$/extern int \1();/p'\'' -e '\''s/^[ABCDGIRSTW]* .* \(.*\)$/extern char \1;/p'\'''
lt_cv_sys_max_cmd_len=1572864
lt_cv_to_host_file_cmd=func_convert_file_noop
lt_cv_to_tool_file_cmd=func_convert_file_noop
pkg_cv_ASAUS_CFLAGS='-DGSEAL_ENABLE -pthread -I/usr/include/gtkmm-3.0 -I/usr/lib/gtkmm-3.0/include -I/usr/include/atkmm-1.6 -I/usr/include/giomm-2.4 -I/usr/lib/giomm-2.4/include -I/usr/include/pangomm-1.4 -I/usr/lib/pangomm-1.4/include -I/usr/include/gtk-3.0 -I/usr/include/cairomm-1.0 -I/usr/lib/cairomm-1.0/include -I/usr/include/gdk-pixbuf-2.0 -I/usr/include/gtk-3.0/unix-print -I/usr/include/gdkmm-3.0 -I/usr/lib/gdkmm-3.0/include -I/usr/include/atk-1.0 -I/usr/include/glibmm-2.4 -I/usr/lib/glibmm-2.4/include -I/usr/include/glib-2.0 -I/usr/lib/glib-2.0/include -I/usr/include/sigc++-2.0 -I/usr/lib/sigc++-2.0/include -I/usr/include/pango-1.0 -I/usr/include/cairo -I/usr/include/pixman-1 -I/usr/include/freetype2 -I/usr/include/libpng14  '
pkg_cv_ASAUS_LIBS='-pthread -lgtkmm-3.0 -latkmm-1.6 -lgdkmm-3.0 -lgiomm-2.4 -lpangomm-1.4 -lgtk-3 -lglibmm-2.4 -lcairomm-1.0 -lgdk-3 -latk-1.0 -lgio-2.0 -lpangoft2-1.0 -lpangocairo-1.0 -lgdk_pixbuf-2.0 -lcairo-gobject -lpango-1.0 -lfreetype -lfontconfig -lgmodule-2.0 -lcairo -lsigc-2.0 -lgobject-2.0 -lgthread-2.0 -lrt -lglib-2.0  '

## ----------------- ##
## Output variables. ##
## ----------------- ##

ACLOCAL='${SHELL} /home/alex/prog/asaus-0.1/missing --run aclocal-1.11'
ALL_LINGUAS=''
AMDEPBACKSLASH='\'
AMDEP_FALSE='#'
AMDEP_TRUE=''
AMTAR='${SHELL} /home/alex/prog/asaus-0.1/missing --run tar'
AM_BACKSLASH='\'
AM_DEFAULT_VERBOSITY='0'
AR='ar'
ASAUS_CFLAGS='-DGSEAL_ENABLE -pthread -I/usr/include/gtkmm-3.0 -I/usr/lib/gtkmm-3.0/include -I/usr/include/atkmm-1.6 -I/usr/include/giomm-2.4 -I/usr/lib/giomm-2.4/include -I/usr/include/pangomm-1.4 -I/usr/lib/pangomm-1.4/include -I/usr/include/gtk-3.0 -I/usr/include/cairomm-1.0 -I/usr/lib/cairomm-1.0/include -I/usr/include/gdk-pixbuf-2.0 -I/usr/include/gtk-3.0/unix-print -I/usr/include/gdkmm-3.0 -I/usr/lib/gdkmm-3.0/include -I/usr/include/atk-1.0 -I/usr/include/glibmm-2.4 -I/usr/lib/glibmm-2.4/include -I/usr/include/glib-2.0 -I/usr/lib/glib-2.0/include -I/usr/include/sigc++-2.0 -I/usr/lib/sigc++-2.0/include -I/usr/include/pango-1.0 -I/usr/include/cairo -I/usr/include/pixman-1 -I/usr/include/freetype2 -I/usr/include/libpng14  '
ASAUS_LIBS='-pthread -lgtkmm-3.0 -latkmm-1.6 -lgdkmm-3.0 -lgiomm-2.4 -lpangomm-1.4 -lgtk-3 -lglibmm-2.4 -lcairomm-1.0 -lgdk-3 -latk-1.0 -lgio-2.0 -lpangoft2-1.0 -lpangocairo-1.0 -lgdk_pixbuf-2.0 -lcairo-gobject -lpango-1.0 -lfreetype -lfontconfig -lgmodule-2.0 -lcairo -lsigc-2.0 -lgobject-2.0 -lgthread-2.0 -lrt -lglib-2.0  '
AUTOCONF='${SHELL} /home/alex/prog/asaus-0.1/missing --run autoconf'
AUTOHEADER='${SHELL} /home/alex/prog/asaus-0.1/missing --run autoheader'
AUTOMAKE='${SHELL} /home/alex/prog/asaus-0.1/missing --run automake-1.11'
AWK='gawk'
CATALOGS=''
CATOBJEXT='.gmo'
CC='gcc'
CCDEPMODE='depmode=gcc3'
CFLAGS='-g -O2'
CPP='gcc -E'
CPPFLAGS=''
CXX='g++'
CXXCPP='g++ -E'
CXXDEPMODE='depmode=gcc3'
CXXFLAGS='-g -O2'
CYGPATH_W='echo'
DATADIRNAME='share'
DEFS='-DHAVE_CONFIG_H'
DEPDIR='.deps'
DLLTOOL='false'
DSYMUTIL=''
DUMPBIN=''
ECHO_C=''
ECHO_N='-n'
ECHO_T=''
EGREP='/bin/grep -E'
EXEEXT=''
FGREP='/bin/grep -F'
GETTEXT_PACKAGE='asaus'
GMOFILES=''
GMSGFMT='/usr/bin/msgfmt'
GREP='/bin/grep'
INSTALL_DATA='${INSTALL} -m 644'
INSTALL_PROGRAM='${INSTALL}'
INSTALL_SCRIPT='${INSTALL}'
INSTALL_STRIP_PROGRAM='$(install_sh) -c -s'
INSTOBJEXT='.mo'
INTLLIBS=''
INTLTOOL_CAVES_RULE='%.caves:     %.caves.in     $(INTLTOOL_MERGE) $(wildcard $(top_srcdir)/po/*.po) ; LC_ALL=C $(INTLTOOL_MERGE) -d -u -c $(top_builddir)/po/.intltool-merge-cache $(top_srcdir)/po $< $@'
INTLTOOL_DESKTOP_RULE='%.desktop:   %.desktop.in   $(INTLTOOL_MERGE) $(wildcard $(top_srcdir)/po/*.po) ; LC_ALL=C $(INTLTOOL_MERGE) -d -u -c $(top_builddir)/po/.intltool-merge-cache $(top_srcdir)/po $< $@'
INTLTOOL_DIRECTORY_RULE='%.directory: %.directory.in $(INTLTOOL_MERGE) $(wildcard $(top_srcdir)/po/*.po) ; LC_ALL=C $(INTLTOOL_MERGE) -d -u -c $(top_builddir)/po/.intltool-merge-cache $(top_srcdir)/po $< $@'
INTLTOOL_EXTRACT='/usr/bin/intltool-extract'
INTLTOOL_KBD_RULE='%.kbd:       %.kbd.in       $(INTLTOOL_MERGE) $(wildcard $(top_srcdir)/po/*.po) ; LC_ALL=C $(INTLTOOL_MERGE) -x -u -m -c $(top_builddir)/po/.intltool-merge-cache $(top_srcdir)/po $< $@'
INTLTOOL_KEYS_RULE='%.keys:      %.keys.in      $(INTLTOOL_MERGE) $(wildcard $(top_srcdir)/po/*.po) ; LC_ALL=C $(INTLTOOL_MERGE) -k -u -c $(top_builddir)/po/.intltool-merge-cache $(top_srcdir)/po $< $@'
INTLTOOL_MERGE='/usr/bin/intltool-merge'
INTLTOOL_OAF_RULE='%.oaf:       %.oaf.in       $(INTLTOOL_MERGE) $(wildcard $(top_srcdir)/po/*.po) ; LC_ALL=C $(INTLTOOL_MERGE) -o -p $(top_srcdir)/po $< $@'
INTLTOOL_PERL='/usr/bin/perl'
INTLTOOL_POLICY_RULE='%.policy:    %.policy.in    $(INTLTOOL_MERGE) $(wildcard $(top_srcdir)/po/*.po) ; LC_ALL=C $(INTLTOOL_MERGE) -x -u -c $(top_builddir)/po/.intltool-merge-cache $(top_srcdir)/po $< $@'
INTLTOOL_PONG_RULE='%.pong:      %.pong.in      $(INTLTOOL_MERGE) $(wildcard $(top_srcdir)/po/*.po) ; LC_ALL=C $(INTLTOOL_MERGE) -x -u -c $(top_builddir)/po/.intltool-merge-cache $(top_srcdir)/po $< $@'
INTLTOOL_PROP_RULE='%.prop:      %.prop.in      $(INTLTOOL_MERGE) $(wildcard $(top_srcdir)/po/*.po) ; LC_ALL=C $(INTLTOOL_MERGE) -d -u -c $(top_builddir)/po/.intltool-merge-cache $(top_srcdir)/po $< $@'
INTLTOOL_SCHEMAS_RULE='%.schemas:   %.schemas.in   $(INTLTOOL_MERGE) $(wildcard $(top_srcdir)/po/*.po) ; LC_ALL=C $(INTLTOOL_MERGE) -s -u -c $(top_builddir)/po/.intltool-merge-cache $(top_srcdir)/po $< $@'
INTLTOOL_SERVER_RULE='%.server:    %.server.in    $(INTLTOOL_MERGE) $(wildcard $(top_srcdir)/po/*.po) ; LC_ALL=C $(INTLTOOL_MERGE) -o -u -c $(top_builddir)/po/.intltool-merge-cache $(top_srcdir)/po $< $@'
INTLTOOL_SERVICE_RULE='%.service: %.service.in   $(INTLTOOL_MERGE) $(wildcard $(top_srcdir)/po/*.po) ; LC_ALL=C $(INTLTOOL_MERGE) -d -u -c $(top_builddir)/po/.intltool-merge-cache $(top_srcdir)/po $< $@'
INTLTOOL_SHEET_RULE='%.sheet:     %.sheet.in     $(INTLTOOL_MERGE) $(wildcard $(top_srcdir)/po/*.po) ; LC_ALL=C $(INTLTOOL_MERGE) -x -u -c $(top_builddir)/po/.intltool-merge-cache $(top_srcdir)/po $< $@'
INTLTOOL_SOUNDLIST_RULE='%.soundlist: %.soundlist.in $(INTLTOOL_MERGE) $(wildcard $(top_srcdir)/po/*.po) ; LC_ALL=C $(INTLTOOL_MERGE) -d -u -c $(top_builddir)/po/.intltool-merge-cache $(top_srcdir)/po $< $@'
INTLTOOL_THEME_RULE='%.theme:     %.theme.in     $(INTLTOOL_MERGE) $(wildcard $(top_srcdir)/po/*.po) ; LC_ALL=C $(INTLTOOL_MERGE) -d -u -c $(top_builddir)/po/.intltool-merge-cache $(top_srcdir)/po $< $@'
INTLTOOL_UI_RULE='%.ui:        %.ui.in        $(INTLTOOL_MERGE) $(wildcard $(top_srcdir)/po/*.po) ; LC_ALL=C $(INTLTOOL_MERGE) -x -u -c $(top_builddir)/po/.intltool-merge-cache $(top_srcdir)/po $< $@'
INTLTOOL_UPDATE='/usr/bin/intltool-update'
INTLTOOL_XAM_RULE='%.xam:       %.xml.in       $(INTLTOOL_MERGE) $(wildcard $(top_srcdir)/po/*.po) ; LC_ALL=C $(INTLTOOL_MERGE) -x -u -c $(top_builddir)/po/.intltool-merge-cache $(top_srcdir)/po $< $@'
INTLTOOL_XML_NOMERGE_RULE='%.xml:       %.xml.in       $(INTLTOOL_MERGE) ; LC_ALL=C $(INTLTOOL_MERGE) -x -u /tmp $< $@'
INTLTOOL_XML_RULE='%.xml:       %.xml.in       $(INTLTOOL_MERGE) $(wildcard $(top_srcdir)/po/*.po) ; LC_ALL=C $(INTLTOOL_MERGE) -x -u -c $(top_builddir)/po/.intltool-merge-cache $(top_srcdir)/po $< $@'
LD='/usr/bin/ld -m elf_x86_64'
LDFLAGS=''
LIBOBJS=''
LIBS=''
LIBTOOL='$(SHELL) $(top_builddir)/libtool'
LIPO=''
LN_S='ln -s'
LTLIBOBJS=''
MAINT='#'
MAINTAINER_MODE_FALSE=''
MAINTAINER_MODE_TRUE='#'
MAKEINFO='${SHELL} /home/alex/prog/asaus-0.1/missing --run makeinfo'
MANIFEST_TOOL=':'
MKDIR_P='/bin/mkdir -p'
MKINSTALLDIRS='./mkinstalldirs'
MSGFMT='/usr/bin/msgfmt'
MSGFMT_OPTS='-c'
MSGMERGE='/usr/bin/msgmerge'
NM='/usr/bin/nm -B'
NMEDIT=''
OBJDUMP='objdump'
OBJEXT='o'
OTOOL64=''
OTOOL=''
PACKAGE='asaus'
PACKAGE_BUGREPORT=''
PACKAGE_NAME='asaus'
PACKAGE_STRING='asaus 0.1'
PACKAGE_TARNAME='asaus'
PACKAGE_URL=''
PACKAGE_VERSION='0.1'
PATH_SEPARATOR=':'
PKG_CONFIG='/usr/bin/pkg-config'
PKG_CONFIG_LIBDIR=''
PKG_CONFIG_PATH=''
POFILES=''
POSUB='po'
PO_IN_DATADIR_FALSE=''
PO_IN_DATADIR_TRUE=''
RANLIB='ranlib'
SED='/bin/sed'
SET_MAKE=''
SHELL='/bin/sh'
STRIP='strip'
USE_NLS='yes'
VERSION='0.1'
XGETTEXT='/usr/bin/xgettext'
ac_ct_AR='ar'
ac_ct_CC='gcc'
ac_ct_CXX='g++'
ac_ct_DUMPBIN=''
am__EXEEXT_FALSE=''
am__EXEEXT_TRUE='#'
am__fastdepCC_FALSE='#'
am__fastdepCC_TRUE=''
am__fastdepCXX_FALSE='#'
am__fastdepCXX_TRUE=''
am__include='include'
am__isrc=''
am__leading_dot='.'
am__quote=''
am__tar='${AMTAR} chof - "$$tardir"'
am__untar='${AMTAR} xf -'
bindir='${exec_prefix}/bin'
build='x86_64-unknown-linux-gnu'
build_alias=''
build_cpu='x86_64'
build_os='linux-gnu'
build_vendor='unknown'
datadir='${datarootdir}'
datarootdir='${prefix}/share'
docdir='${datarootdir}/doc/${PACKAGE_TARNAME}'
dvidir='${docdir}'
exec_prefix='${prefix}'
host='x86_64-unknown-linux-gnu'
host_alias=''
host_cpu='x86_64'
host_os='linux-gnu'
host_vendor='unknown'
htmldir='${docdir}'
includedir='${prefix}/include'
infodir='${datarootdir}/info'
install_sh='${SHELL} /home/alex/prog/asaus-0.1/install-sh'
libdir='${exec_prefix}/lib'
libexecdir='${exec_prefix}/libexec'
localedir='${datarootdir}/locale'
localstatedir='${prefix}/var'
mandir='${datarootdir}/man'
mkdir_p='/bin/mkdir -p'
oldincludedir='/usr/include'
pdfdir='${docdir}'
prefix='/usr'
program_transform_name='s,x,x,'
psdir='${docdir}'
sbindir='${exec_prefix}/sbin'
sharedstatedir='${prefix}/com'
sysconfdir='${prefix}/etc'
target_alias=''

## ----------- ##
## confdefs.h. ##
## ----------- ##

/* confdefs.h */
#define PACKAGE_NAME "asaus"
#define PACKAGE_TARNAME "asaus"
#define PACKAGE_VERSION "0.1"
#define PACKAGE_STRING "asaus 0.1"
#define PACKAGE_BUGREPORT ""
#define PACKAGE_URL ""
#define PACKAGE "asaus"
#define VERSION "0.1"
#define GETTEXT_PACKAGE "asaus"
#define STDC_HEADERS 1
#define HAVE_SYS_TYPES_H 1
#define HAVE_SYS_STAT_H 1
#define HAVE_STDLIB_H 1
#define HAVE_STRING_H 1
#define HAVE_MEMORY_H 1
#define HAVE_STRINGS_H 1
#define HAVE_INTTYPES_H 1
#define HAVE_STDINT_H 1
#define HAVE_UNISTD_H 1
#define HAVE_LOCALE_H 1
#define HAVE_LC_MESSAGES 1
#define HAVE_BIND_TEXTDOMAIN_CODESET 1
#define HAVE_GETTEXT 1
#define HAVE_DCGETTEXT 1
#define ENABLE_NLS 1
#define HAVE_DLFCN_H 1
#define LT_OBJDIR ".libs/"

configure: exit 0
